<?xml version="1.0" encoding="utf-8" standalone="no"?>
<!--This file represents the results of running a test suite-->
<test-results name="K:\ProjektyC#\25_NunitUniversalTest\UniversalTest.nunit" total="14" errors="0" failures="0" not-run="0" inconclusive="0" ignored="0" skipped="0" invalid="0" date="2018-02-15" time="08:24:27">
  <environment nunit-version="2.6.4.14350" clr-version="2.0.50727.5420" os-version="Microsoft Windows NT 6.1.7601 Service Pack 1" platform="Win32NT" cwd="k:\ProjektyC#\25_NunitUniversalTest" machine-name="KAMIL-NOWAK" user="Kamil" user-domain="Kamil-Nowak" />
  <culture-info current-culture="pl-PL" current-uiculture="pl-PL" />
  <test-suite type="Project" name="K:\ProjektyC#\25_NunitUniversalTest\UniversalTest.nunit" executed="True" result="Success" success="True" time="0.059" asserts="0">
    <results>
      <test-suite type="Assembly" name="K:\ProjektyC#\25_NunitUniversalTest\UnityLib\UnityLib\bin\Release\UnityLib.dll" executed="True" result="Success" success="True" time="0.058" asserts="0">
        <results>
          <test-suite type="Namespace" name="UnityLib" executed="True" result="Success" success="True" time="0.058" asserts="0">
            <results>
              <test-suite type="TestFixture" name="NunitTests" executed="True" result="Success" success="True" time="0.057" asserts="0">
                <results>
                  <test-suite type="ParameterizedTest" name="TestAddFunction" executed="True" result="Success" success="True" time="0.016" asserts="0">
                    <results>
                      <test-case name="UnityLib.NunitTests.TestAddFunction(5,5,10)" executed="True" result="Success" success="True" time="0.000" asserts="1" />
                      <test-case name="UnityLib.NunitTests.TestAddFunction(12,13,25)" executed="True" result="Success" success="True" time="0.000" asserts="1" />
                      <test-case name="UnityLib.NunitTests.TestAddFunction(2,2,4)" executed="True" result="Success" success="True" time="0.000" asserts="1" />
                      <test-case name="UnityLib.NunitTests.TestAddFunction(1,1,2)" executed="True" result="Success" success="True" time="0.000" asserts="1" />
                      <test-case name="UnityLib.NunitTests.TestAddFunction(15,15,30)" executed="True" result="Success" success="True" time="0.000" asserts="1" />
                    </results>
                  </test-suite>
                  <test-suite type="ParameterizedTest" name="TestPowerFunction" executed="True" result="Success" success="True" time="0.012" asserts="0">
                    <results>
                      <test-case name="UnityLib.NunitTests.TestPowerFunction(3,9)" executed="True" result="Success" success="True" time="0.000" asserts="1" />
                      <test-case name="UnityLib.NunitTests.TestPowerFunction(5,25)" executed="True" result="Success" success="True" time="0.000" asserts="1" />
                      <test-case name="UnityLib.NunitTests.TestPowerFunction(6,36)" executed="True" result="Success" success="True" time="0.000" asserts="1" />
                      <test-case name="UnityLib.NunitTests.TestPowerFunction(2,4)" executed="True" result="Success" success="True" time="0.000" asserts="1" />
                    </results>
                  </test-suite>
                  <test-suite type="ParameterizedTest" name="TestSubtractFunction" executed="True" result="Success" success="True" time="0.021" asserts="0">
                    <results>
                      <test-case name="UnityLib.NunitTests.TestSubtractFunction(45,15,30)" executed="True" result="Success" success="True" time="0.000" asserts="1" />
                      <test-case name="UnityLib.NunitTests.TestSubtractFunction(15,5,10)" executed="True" result="Success" success="True" time="0.000" asserts="1" />
                      <test-case name="UnityLib.NunitTests.TestSubtractFunction(3,1,2)" executed="True" result="Success" success="True" time="0.000" asserts="1" />
                      <test-case name="UnityLib.NunitTests.TestSubtractFunction(38,13,25)" executed="True" result="Success" success="True" time="0.000" asserts="1" />
                      <test-case name="UnityLib.NunitTests.TestSubtractFunction(6,2,4)" executed="True" result="Success" success="True" time="0.000" asserts="1" />
                    </results>
                  </test-suite>
                </results>
              </test-suite>
            </results>
          </test-suite>
        </results>
      </test-suite>
    </results>
  </test-suite>
</test-results>